<?xml version="1.0" encoding="UTF-8"?>
<!-- Generated by org.testng.reporters.JUnitReportReporter -->
<testsuite hostname="LAPTOP-JNLHEABH" failures="0" tests="1" name="com.JiraV.tests.joinPartnerProgramTest" time="27.247" errors="0" timestamp="2022-01-20T18:32:02 EST" skipped="0">
  <testcase classname="com.JiraV.tests.joinPartnerProgramTest" name="bookAnApointment" time="27.247"/>
  <system-out/>
</testsuite> <!-- com.JiraV.tests.joinPartnerProgramTest -->
