<?xml version="1.0" encoding="UTF-8"?>
<!-- Generated by org.testng.reporters.JUnitReportReporter -->
<testsuite hostname="LAPTOP-JNLHEABH" failures="0" tests="1" name="com.JiraV.tests.GetDemoTest" time="7.445" errors="0" timestamp="2022-01-19T20:31:10 EST" skipped="0">
  <testcase classname="com.JiraV.tests.GetDemoTest" name="getDemo" time="7.445"/>
  <system-out/>
</testsuite> <!-- com.JiraV.tests.GetDemoTest -->
