<?xml version="1.0" encoding="UTF-8"?>
<!-- Generated by org.testng.reporters.JUnitReportReporter -->
<testsuite hostname="LAPTOP-JNLHEABH" failures="0" tests="1" name="com.JiraV.tests.simpleTests" time="22.798" errors="0" timestamp="2022-01-19T20:19:41 EST" skipped="0">
  <testcase classname="com.JiraV.tests.simpleTests" name="getDemo" time="22.798"/>
  <system-out/>
</testsuite> <!-- com.JiraV.tests.simpleTests -->
