<?xml version="1.0" encoding="UTF-8"?>
<!-- Generated by org.testng.reporters.JUnitReportReporter -->
<testsuite hostname="LAPTOP-JNLHEABH" failures="0" tests="2" name="com.JiraV.tests.findLinks" time="1.309" errors="0" timestamp="2022-01-20T18:55:20 EST" skipped="0">
  <testcase classname="com.JiraV.tests.findLinks" name="findTotalNumberEmptyLinkPrint" time="1.275"/>
  <system-out/>
  <testcase classname="com.JiraV.tests.findLinks" name="allTheLinks" time="0.034"/>
  <system-out/>
</testsuite> <!-- com.JiraV.tests.findLinks -->
